[2025-01-11 20:07:21] Start integration
[2025-01-11 20:07:22] Compiled project with clang in passive mode (debug): build original code
[2025-01-11 20:07:23] Compiled project with clang in passive mode (debug): build original with AADC config
[2025-01-11 20:07:24] Compiled project with clang in passive mode (debug): build with AADC includes
[2025-01-11 20:07:25] Ran clang-tidy('matlogica-replace-double-type-by-real') on build_clang_passive_debug: 5 file(s) modified
[2025-01-11 20:07:26] Compiled project with clang in passive mode (debug): clang-tidy double2real
[2025-01-11 20:07:26] Ran clang-tidy('matlogica-native-fix-int-to-double-implicit') on build_clang_passive_debug: 1 file(s) modified
[2025-01-11 20:07:27] Compiled project with clang in passive mode (debug): clang-tidy int2double
[2025-01-11 20:07:28] Ran clang-tidy('matlogica-replace-double-type-by-real') on build_clang_passive_debug: 0 file(s) modified
[2025-01-11 20:07:29] Compiled project with clang in passive mode (debug): clang-tidy double2real (post int2double)
[2025-01-11 20:07:30] Ran clang-tidy('matlogica-native-fix-boost-math-dist') on build_clang_passive_debug: 0 file(s) modified
[2025-01-11 20:07:30] Compiled project with clang in passive mode (debug): clang-tidy boost-math-dist
[2025-01-11 20:07:31] Ran clang-tidy('matlogica-native-fix-constexpr-args-calls,matlogica-native-fix-ambiguous-calls,matlogica-native-fix-passive-calls,matlogica-native-fix-vector-bool,matlogica-native-typeid-double-check') on build_clang_passive_debug: 1 file(s) modified
[2025-01-11 20:07:32] Compiled project with clang in passive mode (debug): clang-tidy native fixes
[2025-01-11 20:07:34] Compiled project with clang in active mode (debug): turn on active mode for the first time
[2025-01-11 20:07:34] Ran clang-tidy('matlogica-active-find-ternary-operator-with-real') on build_clang_active_debug: 0 file(s) modified
[2025-01-11 20:07:36] Compiled project with clang in active mode (debug): clang-tidy active fixes for ternary
[2025-01-11 20:07:37] Ran clang-tidy('matlogica-active-remove-aadpassive') on build_clang_active_debug: 0 file(s) modified
[2025-01-11 20:07:38] Compiled project with clang in active mode (debug): clang-tidy active fixes for aadpassive
[2025-01-11 20:07:39] Ran clang-tidy('matlogica-add-aadpassive-bool') on build_clang_active_debug: 0 file(s) modified
